<?xml version="1.0" encoding="UTF-8"?>
<testng-results skipped="0" failed="0" total="1" passed="1">
  <reporter-output>
  </reporter-output>
  <suite name="Command line suite" duration-ms="48" started-at="2019-11-02T12:53:18Z" finished-at="2019-11-02T12:53:18Z">
    <groups>
    </groups>
    <test name="Command line test" duration-ms="48" started-at="2019-11-02T12:53:18Z" finished-at="2019-11-02T12:53:18Z">
      <class name="SnapEngage.SnapEngage.AppTest">
        <test-method status="PASS" signature="testApp()[pri:0, instance:testApp(SnapEngage.SnapEngage.AppTest)]" name="testApp" duration-ms="3" started-at="2019-11-02T13:53:18Z" finished-at="2019-11-02T13:53:18Z">
          <reporter-output>
          </reporter-output>
        </test-method> <!-- testApp -->
      </class> <!-- SnapEngage.SnapEngage.AppTest -->
    </test> <!-- Command line test -->
  </suite> <!-- Command line suite -->
</testng-results>
